[debug] [2021-05-19T18:31:27.932Z] ----------------------------------------------------------------------
[debug] [2021-05-19T18:31:27.935Z] Command:       /usr/local/bin/node /usr/local/bin/firebase init emulators
[debug] [2021-05-19T18:31:27.936Z] CLI Version:   9.10.2
[debug] [2021-05-19T18:31:27.936Z] Platform:      darwin
[debug] [2021-05-19T18:31:27.936Z] Node Version:  v14.15.1
[debug] [2021-05-19T18:31:27.938Z] Time:          Wed May 19 2021 14:31:27 GMT-0400 (Eastern Daylight Time)
[debug] [2021-05-19T18:31:27.938Z] ----------------------------------------------------------------------
[debug] 
[debug] [2021-05-19T18:31:27.947Z] > command requires scopes: ["email","openid","https://www.googleapis.com/auth/cloudplatformprojects.readonly","https://www.googleapis.com/auth/firebase","https://www.googleapis.com/auth/cloud-platform"]
[debug] [2021-05-19T18:31:27.947Z] > authorizing via signed-in user (abi.scholz@gmail.com)
[info] 
     ######## #### ########  ######## ########     ###     ######  ########
     ##        ##  ##     ## ##       ##     ##  ##   ##  ##       ##
     ######    ##  ########  ######   ########  #########  ######  ######
     ##        ##  ##    ##  ##       ##     ## ##     ##       ## ##
     ##       #### ##     ## ######## ########  ##     ##  ######  ########

You're about to initialize a Firebase project in this directory:

  /Users/abischolz/GraceHopper/capstonee/stoop

Before we get started, keep in mind:

  * You are initializing in an existing Firebase project directory

[info] 
=== Project Setup
[info] 
[info] First, let's associate this project directory with a Firebase project.
[info] You can create multiple project aliases by running firebase use --add, 
[info] but for now we'll just set up a default project.
[info] 
[info] i  .firebaserc already has a default project, using stoop-64867. 
[debug] [2021-05-19T18:31:27.959Z] >>> [apiv2][query] GET https://firebase.googleapis.com/v1beta1/projects/stoop-64867 [none]
[debug] [2021-05-19T18:31:28.217Z] <<< [apiv2][status] GET https://firebase.googleapis.com/v1beta1/projects/stoop-64867 200
[debug] [2021-05-19T18:31:28.217Z] <<< [apiv2][body] GET https://firebase.googleapis.com/v1beta1/projects/stoop-64867 {"projectId":"stoop-64867","projectNumber":"537953520115","displayName":"Stoop","name":"projects/stoop-64867","resources":{"hostingSite":"stoop-64867","realtimeDatabaseInstance":"stoop-64867-default-rtdb","storageBucket":"stoop-64867.appspot.com","locationId":"us-central"},"state":"ACTIVE"}
[info] 
=== Emulators Setup
